<?xml version="1.0" encoding="UTF-8"?>
<!-- Generated by org.testng.reporters.JUnitReportReporter -->
<testsuite hostname="MacBook-Air.local" failures="0" tests="5" name="SWAPITest.ApiTests" time="30.585" errors="0" timestamp="2023-11-27T00:55:29 ART" skipped="0">
  <testcase classname="SWAPITest.ApiTests" name="getSecondFilm" time="5.237"/>
  <system-out/>
  <testcase classname="SWAPITest.ApiTests" name="requestFilmAndCheck404CodeResponse" time="1.868"/>
  <system-out/>
  <testcase classname="SWAPITest.ApiTests" name="checkUrlIsTheSameAsTheRequest" time="10.539"/>
  <system-out/>
  <testcase classname="SWAPITest.ApiTests" name="checkGravityAndTerrainsLevels" time="10.405"/>
  <system-out/>
  <testcase classname="SWAPITest.ApiTests" name="getPeopleById" time="2.536"/>
  <system-out/>
</testsuite> <!-- SWAPITest.ApiTests -->
