<?xml version="1.0" encoding="UTF-8"?>
<!-- Generated by org.testng.reporters.JUnitReportReporter -->
<testsuite hostname="MacBook-Air.local" failures="0" tests="5" name="SWAPITest.ApiTests" time="34.534" errors="0" timestamp="2023-11-27T04:40:22 ART" skipped="0">
  <testcase classname="SWAPITest.ApiTests" name="requestFilmAndCheck404CodeResponse" time="2.111"/>
  <system-out/>
  <testcase classname="SWAPITest.ApiTests" name="checkGravityAndTerrainsLevels" time="13.174"/>
  <system-out/>
  <testcase classname="SWAPITest.ApiTests" name="checkUrlIsTheSameAsTheRequest" time="11.037"/>
  <system-out/>
  <testcase classname="SWAPITest.ApiTests" name="getPeopleById" time="2.655"/>
  <system-out/>
  <testcase classname="SWAPITest.ApiTests" name="getSecondFilm" time="5.557"/>
  <system-out/>
</testsuite> <!-- SWAPITest.ApiTests -->
