<?xml version="1.0" encoding="UTF-8"?>
<!-- Generated by org.testng.reporters.JUnitReportReporter -->
<testsuite hostname="MacBook-Air.local" failures="0" tests="4" name="SWAPITest.ApiTests" time="40.740" errors="0" timestamp="2023-11-26T01:40:50 ART" skipped="0">
  <testcase classname="SWAPITest.ApiTests" name="checkUrlIsTheSameAsTheRequest" time="13.171"/>
  <system-out/>
  <testcase classname="SWAPITest.ApiTests" name="getSecondFilm" time="10.779"/>
  <system-out/>
  <testcase classname="SWAPITest.ApiTests" name="checkGravityAndTerrainsLevels" time="13.731"/>
  <system-out/>
  <testcase classname="SWAPITest.ApiTests" name="getPeopleById" time="3.059"/>
  <system-out/>
</testsuite> <!-- SWAPITest.ApiTests -->
